[2025-07-04 23:03:01] INFO: Configuration loaded successfully
[2025-07-04 23:03:01] INFO: Capsulate v1.0.0 started successfully
[2025-07-04 23:03:01] ERROR: Error checking for updates: Parameter #1 of Jxon_Load requires a variable reference, but received a String.
[2025-07-04 23:03:53] INFO: XMouseButtonControl restarted successfully
[2025-07-04 23:05:14] INFO: Configuration loaded successfully
[2025-07-04 23:05:14] INFO: Capsulate v1.0.0 started successfully
[2025-07-04 23:05:14] INFO: Latest version check: current=1.0.0, latest=0.5.0
[2025-07-04 23:05:40] INFO: Launched shortcut 0: D:\source\repos
[2025-07-05 10:46:59] INFO: Configuration loaded successfully
[2025-07-05 10:46:59] INFO: Capsulate v1.0.0 started successfully
[2025-07-05 10:46:59] INFO: Latest version check: current=1.0.0, latest=1.0.0
[2025-07-07 09:13:52] INFO: Configuration loaded successfully
[2025-07-07 09:13:52] INFO: Capsulate v1.0.0 started successfully
[2025-07-07 09:13:52] INFO: Latest version check: current=1.0.0, latest=1.0.0
[2025-07-07 15:17:15] INFO: Configuration loaded successfully
[2025-07-07 15:17:15] INFO: Capsulate v1.0.0 started successfully
[2025-07-07 15:17:15] INFO: Latest version check: current=1.0.0, latest=1.0.0
[2025-07-07 15:41:30] INFO: Configuration loaded successfully
[2025-07-07 15:41:30] INFO: Capsulate v1.0.0 started successfully
[2025-07-07 15:41:30] INFO: Latest version check: current=1.0.0, latest=1.0.0
[2025-07-08 15:46:47] INFO: Configuration loaded successfully
[2025-07-08 15:46:47] INFO: Capsulate v1.0.0 started successfully
[2025-07-08 15:46:47] INFO: Latest version check: current=1.0.0, latest=1.0.0
[2025-07-08 22:52:23] INFO: Configuration loaded successfully
[2025-07-08 22:52:23] INFO: Capsulate v1.0.0 started successfully
[2025-07-08 22:52:23] INFO: Latest version check: current=1.0.0, latest=1.0.0
[2025-07-10 09:02:04] INFO: Configuration loaded successfully
[2025-07-10 09:02:04] INFO: Capsulate v1.0.0 started successfully
[2025-07-10 09:02:04] INFO: Latest version check: current=1.0.0, latest=1.0.0
[2025-07-11 02:59:52] INFO: Configuration loaded successfully
[2025-07-11 02:59:52] INFO: Capsulate v1.0.0 started successfully
[2025-07-11 02:59:52] INFO: Latest version check: current=1.0.0, latest=1.0.0
[2025-07-22 22:33:07] INFO: Configuration loaded successfully
[2025-07-22 22:33:07] INFO: Capsulate v1.0.0 started successfully
[2025-07-22 22:33:07] INFO: Latest version check: current=1.0.0, latest=1.0.0
[2025-07-22 23:08:10] INFO: Configuration loaded successfully
[2025-07-22 23:08:10] INFO: Capsulate v1.0.0 started successfully
[2025-07-22 23:08:11] INFO: Latest version check: current=1.0.0, latest=1.0.0
[2025-07-24 11:14:38] INFO: Configuration loaded successfully
[2025-07-24 11:14:38] INFO: Capsulate v1.0.0 started successfully
[2025-07-24 11:14:39] INFO: Latest version check: current=1.0.0, latest=1.0.0
[2025-07-25 10:34:38] INFO: Configuration loaded successfully
[2025-07-25 10:34:38] INFO: Capsulate v1.0.0 started successfully
[2025-07-25 10:34:38] INFO: Latest version check: current=1.0.0, latest=1.0.0
[2025-07-25 17:07:47] INFO: Configuration loaded successfully
[2025-07-25 17:07:47] INFO: Capsulate v1.0.0 started successfully
[2025-07-25 17:07:47] INFO: Latest version check: current=1.0.0, latest=1.0.0
[2025-07-26 23:37:04] INFO: Configuration loaded successfully
[2025-07-26 23:37:04] INFO: Capsulate v1.0.0 started successfully
[2025-07-26 23:37:04] INFO: Latest version check: current=1.0.0, latest=1.0.0
[2025-07-27 12:03:49] INFO: Configuration loaded successfully
[2025-07-27 12:03:49] INFO: Capsulate v1.0.0 started successfully
[2025-07-27 12:03:49] INFO: Latest version check: current=1.0.0, latest=1.0.0
[2025-07-27 20:39:01] INFO: Configuration loaded successfully
[2025-07-27 20:39:01] INFO: Capsulate v1.0.0 started successfully
[2025-07-27 20:39:01] INFO: Latest version check: current=1.0.0, latest=1.0.0
[2025-07-28 18:58:30] INFO: Configuration loaded successfully
[2025-07-28 18:58:30] INFO: Capsulate v1.0.0 started successfully
[2025-07-28 18:58:30] INFO: Latest version check: current=1.0.0, latest=1.0.0
[2025-07-29 21:48:15] INFO: Configuration loaded successfully
[2025-07-29 21:48:15] INFO: Capsulate v1.0.0 started successfully
[2025-07-29 21:48:15] INFO: Latest version check: current=1.0.0, latest=1.0.0
[2025-07-31 08:37:04] INFO: Configuration loaded successfully
[2025-07-31 08:37:04] INFO: Capsulate v1.0.0 started successfully
[2025-07-31 08:37:05] INFO: Latest version check: current=1.0.0, latest=1.0.0
[2025-07-31 17:48:10] INFO: Configuration loaded successfully
[2025-07-31 17:48:10] INFO: Capsulate v1.0.0 started successfully
[2025-07-31 17:48:10] INFO: Latest version check: current=1.0.0, latest=1.0.0
[2025-08-01 21:21:41] INFO: Configuration loaded successfully
[2025-08-01 21:21:41] INFO: Capsulate v1.0.0 started successfully
[2025-08-01 21:21:42] INFO: Latest version check: current=1.0.0, latest=1.0.0
[2025-08-01 22:26:54] INFO: Configuration loaded successfully
[2025-08-01 22:26:54] INFO: Capsulate v1.0.0 started successfully
[2025-08-01 22:26:54] INFO: Latest version check: current=1.0.0, latest=1.0.0
[2025-08-02 01:38:26] INFO: Configuration loaded successfully
[2025-08-02 01:38:26] INFO: Capsulate v1.0.0 started successfully
[2025-08-02 01:38:26] INFO: Latest version check: current=1.0.0, latest=1.0.0
[2025-08-02 12:02:46] INFO: Configuration loaded successfully
[2025-08-02 12:02:46] INFO: Capsulate v1.0.0 started successfully
[2025-08-02 12:02:46] INFO: Latest version check: current=1.0.0, latest=1.0.0
[2025-08-04 00:59:50] INFO: Configuration loaded successfully
[2025-08-04 00:59:50] INFO: Capsulate v1.0.0 started successfully
[2025-08-04 00:59:50] INFO: Latest version check: current=1.0.0, latest=1.0.0
[2025-08-04 08:03:52] INFO: Configuration loaded successfully
[2025-08-04 08:03:52] INFO: Capsulate v1.0.0 started successfully
[2025-08-04 08:03:53] INFO: Latest version check: current=1.0.0, latest=1.0.0
[2025-08-04 15:06:14] INFO: Configuration loaded successfully
[2025-08-04 15:06:14] INFO: Capsulate v1.0.0 started successfully
[2025-08-04 15:06:14] INFO: Latest version check: current=1.0.0, latest=1.0.0
[2025-08-05 21:13:51] INFO: Configuration loaded successfully
[2025-08-05 21:13:51] INFO: Capsulate v1.0.0 started successfully
[2025-08-05 21:13:52] INFO: Latest version check: current=1.0.0, latest=1.0.0
[2025-08-06 08:39:51] INFO: Configuration loaded successfully
[2025-08-06 08:39:51] INFO: Capsulate v1.0.0 started successfully
[2025-08-06 08:39:51] INFO: Latest version check: current=1.0.0, latest=1.0.0
[2025-08-06 20:49:04] INFO: Configuration loaded successfully
[2025-08-06 20:49:04] INFO: Capsulate v1.0.0 started successfully
[2025-08-06 20:49:05] INFO: Latest version check: current=1.0.0, latest=1.0.0
[2025-08-06 23:28:27] INFO: Configuration loaded successfully
[2025-08-06 23:28:27] INFO: Capsulate v1.0.0 started successfully
[2025-08-06 23:28:27] INFO: Latest version check: current=1.0.0, latest=1.0.0
[2025-08-07 08:59:48] INFO: Configuration loaded successfully
[2025-08-07 08:59:48] INFO: Capsulate v1.0.0 started successfully
[2025-08-07 08:59:48] INFO: Latest version check: current=1.0.0, latest=1.0.0
[2025-08-08 09:08:47] INFO: Configuration loaded successfully
[2025-08-08 09:08:47] INFO: Capsulate v1.0.0 started successfully
[2025-08-08 09:08:47] INFO: Latest version check: current=1.0.0, latest=1.0.0
[2025-08-09 01:15:57] INFO: Configuration loaded successfully
[2025-08-09 01:15:57] INFO: Capsulate v1.0.0 started successfully
[2025-08-09 01:15:58] INFO: Latest version check: current=1.0.0, latest=1.0.0
[2025-08-09 10:53:29] INFO: Configuration loaded successfully
[2025-08-09 10:53:29] INFO: Capsulate v1.0.0 started successfully
[2025-08-09 10:53:29] INFO: Latest version check: current=1.0.0, latest=1.0.0
[2025-08-10 12:54:35] INFO: Configuration loaded successfully
[2025-08-10 12:54:35] INFO: Capsulate v1.0.0 started successfully
[2025-08-10 12:54:35] INFO: Latest version check: current=1.0.0, latest=1.0.0
[2025-08-10 23:32:38] INFO: Configuration loaded successfully
[2025-08-10 23:32:38] INFO: Capsulate v1.0.0 started successfully
[2025-08-10 23:32:38] INFO: Latest version check: current=1.0.0, latest=1.0.0
[2025-08-14 07:55:40] INFO: Configuration loaded successfully
[2025-08-14 07:55:40] INFO: Capsulate v1.0.0 started successfully
[2025-08-14 07:55:40] INFO: Latest version check: current=1.0.0, latest=1.0.0
[2025-08-15 23:33:37] INFO: Configuration loaded successfully
[2025-08-15 23:33:37] INFO: Capsulate v1.0.0 started successfully
[2025-08-15 23:33:37] INFO: Latest version check: current=1.0.0, latest=1.0.0
[2025-08-16 11:19:10] INFO: Configuration loaded successfully
[2025-08-16 11:19:10] INFO: Capsulate v1.0.0 started successfully
[2025-08-16 11:19:10] INFO: Latest version check: current=1.0.0, latest=1.0.0
[2025-08-17 20:07:41] INFO: Configuration loaded successfully
[2025-08-17 20:07:41] INFO: Capsulate v1.0.0 started successfully
[2025-08-17 20:07:41] INFO: Latest version check: current=1.0.0, latest=1.0.0
[2025-08-17 20:17:30] INFO: Configuration loaded successfully
[2025-08-17 20:17:30] INFO: Capsulate v1.0.0 started successfully
[2025-08-17 20:17:30] INFO: Latest version check: current=1.0.0, latest=1.0.0
[2025-08-18 15:46:35] INFO: Configuration loaded successfully
[2025-08-18 15:46:35] INFO: Capsulate v1.0.0 started successfully
[2025-08-18 15:46:35] INFO: Latest version check: current=1.0.0, latest=1.0.0
[2025-08-19 07:11:57] INFO: Configuration loaded successfully
[2025-08-19 07:11:57] INFO: Capsulate v1.0.0 started successfully
[2025-08-19 07:11:57] INFO: Latest version check: current=1.0.0, latest=1.0.0
[2025-08-20 21:40:41] INFO: Configuration loaded successfully
[2025-08-20 21:40:41] INFO: Capsulate v1.0.0 started successfully
[2025-08-20 21:40:41] INFO: Latest version check: current=1.0.0, latest=1.0.0
[2025-08-23 10:10:19] INFO: Configuration loaded successfully
[2025-08-23 10:10:19] INFO: Capsulate v1.0.0 started successfully
[2025-08-23 10:10:20] INFO: Latest version check: current=1.0.0, latest=1.0.0
[2025-08-23 19:28:52] INFO: Configuration loaded successfully
[2025-08-23 19:28:52] INFO: Capsulate v1.0.0 started successfully
[2025-08-23 19:28:52] INFO: Latest version check: current=1.0.0, latest=1.0.0
[2025-08-24 00:35:18] INFO: Configuration loaded successfully
[2025-08-24 00:35:18] INFO: Capsulate v1.0.0 started successfully
[2025-08-24 00:35:19] INFO: Latest version check: current=1.0.0, latest=1.0.0
[2025-08-24 11:27:13] INFO: Configuration loaded successfully
[2025-08-24 11:27:13] INFO: Capsulate v1.0.0 started successfully
[2025-08-24 11:27:14] INFO: Latest version check: current=1.0.0, latest=1.0.0
[2025-08-24 22:13:36] INFO: Configuration loaded successfully
[2025-08-24 22:13:36] INFO: Capsulate v1.0.0 started successfully
[2025-08-24 22:13:37] INFO: Latest version check: current=1.0.0, latest=1.0.0
[2025-08-26 09:10:15] INFO: Configuration loaded successfully
[2025-08-26 09:10:15] INFO: Capsulate v1.0.0 started successfully
[2025-08-26 09:10:15] INFO: Latest version check: current=1.0.0, latest=1.0.0
[2025-08-27 00:18:05] INFO: Configuration loaded successfully
[2025-08-27 00:18:05] INFO: Capsulate v1.0.0 started successfully
[2025-08-27 00:18:05] INFO: Latest version check: current=1.0.0, latest=1.0.0
[2025-08-27 12:17:04] INFO: Configuration loaded successfully
[2025-08-27 12:17:04] INFO: Capsulate v1.0.0 started successfully
[2025-08-27 12:17:05] INFO: Latest version check: current=1.0.0, latest=1.0.0
[2025-08-28 09:18:16] INFO: Configuration loaded successfully
[2025-08-28 09:18:16] INFO: Capsulate v1.0.0 started successfully
[2025-08-28 09:18:16] INFO: Latest version check: current=1.0.0, latest=1.0.0
[2025-08-29 00:29:16] INFO: Configuration loaded successfully
[2025-08-29 00:29:16] INFO: Capsulate v1.0.0 started successfully
[2025-08-29 00:29:16] INFO: Latest version check: current=1.0.0, latest=1.0.0
[2025-08-29 09:15:45] INFO: Configuration loaded successfully
[2025-08-29 09:15:45] INFO: Capsulate v1.0.0 started successfully
[2025-08-29 09:15:46] INFO: Latest version check: current=1.0.0, latest=1.0.0
[2025-08-29 09:59:47] INFO: Configuration loaded successfully
[2025-08-29 09:59:47] INFO: Capsulate v1.0.0 started successfully
[2025-08-29 09:59:47] INFO: Latest version check: current=1.0.0, latest=1.0.0
[2025-08-30 00:39:29] INFO: Configuration loaded successfully
[2025-08-30 00:39:29] INFO: Capsulate v1.0.0 started successfully
[2025-08-30 00:39:29] INFO: Latest version check: current=1.0.0, latest=1.0.0
[2025-08-30 10:35:54] INFO: Configuration loaded successfully
[2025-08-30 10:35:54] INFO: Capsulate v1.0.0 started successfully
[2025-08-30 10:35:54] INFO: Latest version check: current=1.0.0, latest=1.0.0
[2025-08-30 11:16:30] INFO: Configuration loaded successfully
[2025-08-30 11:16:30] INFO: Capsulate v1.0.0 started successfully
[2025-08-30 11:16:31] INFO: Latest version check: current=1.0.0, latest=1.0.0
[2025-08-30 18:31:53] INFO: Configuration loaded successfully
[2025-08-30 18:31:53] INFO: Capsulate v1.0.0 started successfully
[2025-08-30 18:31:53] INFO: Latest version check: current=1.0.0, latest=1.0.0
[2025-08-30 18:39:11] INFO: Configuration loaded successfully
[2025-08-30 18:39:11] INFO: Capsulate v1.0.0 started successfully
[2025-08-30 18:39:12] INFO: Latest version check: current=1.0.0, latest=1.0.0
[2025-08-31 21:51:15] INFO: Configuration loaded successfully
[2025-08-31 21:51:15] INFO: Capsulate v1.0.0 started successfully
[2025-08-31 21:51:15] INFO: Latest version check: current=1.0.0, latest=1.0.0
[2025-09-02 09:07:55] INFO: Configuration loaded successfully
[2025-09-02 09:07:55] INFO: Capsulate v1.0.0 started successfully
[2025-09-02 09:07:55] INFO: Latest version check: current=1.0.0, latest=1.0.0
[2025-09-02 22:16:43] INFO: Configuration loaded successfully
[2025-09-02 22:16:43] INFO: Capsulate v1.0.0 started successfully
[2025-09-02 22:16:44] INFO: Latest version check: current=1.0.0, latest=1.0.0
[2025-09-06 11:49:13] INFO: Configuration loaded successfully
[2025-09-06 11:49:13] INFO: Capsulate v1.0.0 started successfully
[2025-09-06 11:49:13] INFO: Latest version check: current=1.0.0, latest=1.0.0
[2025-09-06 22:05:05] INFO: Configuration loaded successfully
[2025-09-06 22:05:05] INFO: Capsulate v1.0.0 started successfully
[2025-09-06 22:05:06] INFO: Latest version check: current=1.0.0, latest=1.0.0
[2025-09-07 12:48:25] INFO: Configuration loaded successfully
[2025-09-07 12:48:25] INFO: Capsulate v1.0.0 started successfully
[2025-09-07 12:48:25] INFO: Latest version check: current=1.0.0, latest=1.0.0
[2025-09-08 13:57:12] INFO: Configuration loaded successfully
[2025-09-08 13:57:12] INFO: Capsulate v1.0.0 started successfully
[2025-09-08 13:57:13] INFO: Latest version check: current=1.0.0, latest=1.0.0
[2025-09-08 22:49:13] INFO: Configuration loaded successfully
[2025-09-08 22:49:13] INFO: Capsulate v1.0.0 started successfully
[2025-09-08 22:49:14] INFO: Latest version check: current=1.0.0, latest=1.0.0
[2025-09-09 09:10:49] INFO: Configuration loaded successfully
[2025-09-09 09:10:49] INFO: Capsulate v1.0.0 started successfully
[2025-09-09 09:10:49] INFO: Latest version check: current=1.0.0, latest=1.0.0
[2025-09-10 14:47:51] INFO: Configuration loaded successfully
[2025-09-10 14:47:51] INFO: Capsulate v1.0.0 started successfully
[2025-09-10 14:47:51] INFO: Latest version check: current=1.0.0, latest=1.0.0
[2025-09-10 22:37:21] INFO: Configuration loaded successfully
[2025-09-10 22:37:21] INFO: Capsulate v1.0.0 started successfully
[2025-09-10 22:37:21] INFO: Latest version check: current=1.0.0, latest=1.0.0
[2025-09-11 14:29:20] INFO: Configuration loaded successfully
[2025-09-11 14:29:20] INFO: Capsulate v1.0.0 started successfully
[2025-09-11 14:29:20] INFO: Latest version check: current=1.0.0, latest=1.0.0
[2025-09-12 09:05:28] INFO: Configuration loaded successfully
[2025-09-12 09:05:28] INFO: Capsulate v1.0.0 started successfully
[2025-09-12 09:05:28] INFO: Latest version check: current=1.0.0, latest=1.0.0
[2025-09-14 19:12:11] INFO: Configuration loaded successfully
[2025-09-14 19:12:11] INFO: Capsulate v1.0.0 started successfully
[2025-09-14 19:12:11] INFO: Latest version check: current=1.0.0, latest=1.0.0
[2025-09-15 09:05:21] INFO: Configuration loaded successfully
[2025-09-15 09:05:21] INFO: Capsulate v1.0.0 started successfully
[2025-09-15 09:05:21] INFO: Latest version check: current=1.0.0, latest=1.0.0
[2025-09-16 07:19:39] INFO: Configuration loaded successfully
[2025-09-16 07:19:39] INFO: Capsulate v1.0.0 started successfully
[2025-09-16 07:19:39] INFO: Latest version check: current=1.0.0, latest=1.0.0
[2025-09-17 09:11:14] INFO: Configuration loaded successfully
[2025-09-17 09:11:14] INFO: Capsulate v1.0.0 started successfully
[2025-09-17 09:11:14] INFO: Latest version check: current=1.0.0, latest=1.0.0
[2025-09-19 23:32:08] INFO: Configuration loaded successfully
[2025-09-19 23:32:08] INFO: Capsulate v1.0.0 started successfully
[2025-09-19 23:32:08] INFO: Latest version check: current=1.0.0, latest=1.0.0
[2025-09-20 15:19:53] INFO: Configuration loaded successfully
[2025-09-20 15:19:53] INFO: Capsulate v1.0.0 started successfully
[2025-09-20 15:19:53] INFO: Latest version check: current=1.0.0, latest=1.0.0
[2025-09-21 09:37:05] INFO: Configuration loaded successfully
[2025-09-21 09:37:05] INFO: Capsulate v1.0.0 started successfully
[2025-09-21 09:37:06] INFO: Latest version check: current=1.0.0, latest=1.0.0
[2025-09-21 22:24:04] INFO: Configuration loaded successfully
[2025-09-21 22:24:04] INFO: Capsulate v1.0.0 started successfully
[2025-09-21 22:24:04] INFO: Latest version check: current=1.0.0, latest=1.0.0
[2025-09-22 08:46:56] INFO: Configuration loaded successfully
[2025-09-22 08:46:56] INFO: Capsulate v1.0.0 started successfully
[2025-09-22 08:46:56] INFO: Latest version check: current=1.0.0, latest=1.0.0
[2025-09-22 16:57:31] INFO: Configuration loaded successfully
[2025-09-22 16:57:31] INFO: Capsulate v1.0.0 started successfully
[2025-09-22 16:57:32] INFO: Latest version check: current=1.0.0, latest=1.0.0
[2025-09-22 22:56:43] INFO: Configuration loaded successfully
[2025-09-22 22:56:43] INFO: Capsulate v1.0.0 started successfully
[2025-09-22 22:56:43] INFO: Latest version check: current=1.0.0, latest=1.0.0
[2025-09-23 08:38:37] INFO: Configuration loaded successfully
[2025-09-23 08:38:37] INFO: Capsulate v1.0.0 started successfully
[2025-09-23 08:38:37] INFO: Latest version check: current=1.0.0, latest=1.0.0
[2025-09-23 12:07:41] INFO: Configuration loaded successfully
[2025-09-23 12:07:41] INFO: Capsulate v1.0.0 started successfully
[2025-09-23 12:07:42] INFO: Latest version check: current=1.0.0, latest=1.0.0
[2025-09-23 15:19:20] INFO: Configuration loaded successfully
[2025-09-23 15:19:20] INFO: Capsulate v1.0.0 started successfully
[2025-09-23 15:19:20] INFO: Latest version check: current=1.0.0, latest=1.0.0
[2025-09-23 22:14:08] INFO: Configuration loaded successfully
[2025-09-23 22:14:08] INFO: Capsulate v1.0.0 started successfully
[2025-09-23 22:14:09] INFO: Latest version check: current=1.0.0, latest=1.0.0
[2025-09-24 00:30:13] INFO: Configuration loaded successfully
[2025-09-24 00:30:13] INFO: Capsulate v1.0.0 started successfully
[2025-09-24 00:30:13] INFO: Latest version check: current=1.0.0, latest=1.0.0
[2025-09-24 16:55:54] INFO: Configuration loaded successfully
[2025-09-24 16:55:54] INFO: Capsulate v1.0.0 started successfully
[2025-09-24 16:55:55] INFO: Latest version check: current=1.0.0, latest=1.0.0
[2025-09-25 00:10:59] INFO: Configuration loaded successfully
[2025-09-25 00:10:59] INFO: Capsulate v1.0.0 started successfully
[2025-09-25 00:10:59] INFO: Latest version check: current=1.0.0, latest=1.0.0
[2025-09-25 00:14:47] INFO: Latest version check: current=1.0.0, latest=1.0.1
[2025-09-25 00:14:48] INFO: Starting script update from: https://github.com/DarkoKuzmanovic/Capsulate/releases/latest/download/Capsulate.ahk
[2025-09-25 00:14:49] INFO: Update script created, starting update process
[2025-09-25 00:15:02] INFO: Configuration loaded successfully
[2025-09-25 00:15:02] INFO: Capsulate v1.0.1 started successfully
[2025-09-25 00:15:02] INFO: Latest version check: current=1.0.1, latest=1.0.1
[2025-09-25 00:15:05] INFO: Latest version check: current=1.0.1, latest=1.0.1
[2025-09-25 00:15:13] INFO: Configuration loaded successfully
[2025-09-25 00:15:13] INFO: Capsulate v1.0.1 started successfully
[2025-09-25 00:15:13] INFO: Latest version check: current=1.0.1, latest=1.0.1
[2025-09-25 00:15:54] INFO: Configuration loaded successfully
[2025-09-25 00:15:54] INFO: Capsulate v1.0.1 started successfully
[2025-09-25 00:15:55] INFO: Latest version check: current=1.0.1, latest=1.0.1
[2025-09-25 00:16:23] INFO: Launched shortcut 1: C:\
[2025-09-25 00:23:29] INFO: Configuration loaded successfully
[2025-09-25 00:23:29] INFO: Capsulate v1.0.1 started successfully
[2025-09-25 00:23:29] INFO: Latest version check: current=1.0.1, latest=1.0.1
[2025-09-25 09:11:31] INFO: Configuration loaded successfully
[2025-09-25 09:11:31] INFO: Capsulate v1.0.1 started successfully
[2025-09-25 09:11:31] INFO: Latest version check: current=1.0.1, latest=1.0.1
[2025-09-26 08:55:39] INFO: Configuration loaded successfully
[2025-09-26 08:55:39] INFO: Capsulate v1.0.1 started successfully
[2025-09-26 08:55:40] INFO: Latest version check: current=1.0.1, latest=1.0.1
[2025-09-27 07:54:12] INFO: Configuration loaded successfully
[2025-09-27 07:54:12] INFO: Capsulate v1.0.1 started successfully
[2025-09-27 07:54:12] INFO: Latest version check: current=1.0.1, latest=1.0.1
[2025-09-27 23:33:30] INFO: Configuration loaded successfully
[2025-09-27 23:33:30] INFO: Capsulate v1.0.1 started successfully
[2025-09-27 23:33:30] INFO: Latest version check: current=1.0.1, latest=1.0.1
